2012-10-29 21:14:34 Error: [MissingControllerException] Controller class SittempController could not be found.
#0 /var/www/sittemp/app/webroot/index.php(92): Dispatcher->dispatch(Object(CakeRequest), Object(CakeResponse))
#1 /var/www/sittemp/index.php(42): require('/var/www/sittem...')
#2 {main}
2012-10-29 21:28:14 Error: Fatal Error (1): Call to a member function renderSubTree() on a non-object in [/var/www/sittemp/app/View/Layouts/default.ctp, line 35]
2012-10-29 21:28:14 Error: [FatalErrorException] Call to a member function renderSubTree() on a non-object
#0 /var/www/sittemp/lib/Cake/Error/ErrorHandler.php(162): ErrorHandler::handleFatalError(1, 'Call to a membe...', '/var/www/sittem...', 35)
#1 [internal function]: ErrorHandler::handleError(1, 'Call to a membe...', '/var/www/sittem...', 35, Array)
#2 /var/www/sittemp/lib/Cake/Core/App.php(926): call_user_func('ErrorHandler::h...', 1, 'Call to a membe...', '/var/www/sittem...', 35, Array)
#3 /var/www/sittemp/lib/Cake/Core/App.php(899): App::_checkFatalError()
#4 [internal function]: App::shutdown()
#5 {main}
2012-10-29 21:29:17 Error: Fatal Error (1): Call to a member function renderSubTree() on a non-object in [/var/www/sittemp/app/View/Layouts/default.ctp, line 35]
2012-10-29 21:29:17 Error: [FatalErrorException] Call to a member function renderSubTree() on a non-object
#0 /var/www/sittemp/lib/Cake/Error/ErrorHandler.php(162): ErrorHandler::handleFatalError(1, 'Call to a membe...', '/var/www/sittem...', 35)
#1 [internal function]: ErrorHandler::handleError(1, 'Call to a membe...', '/var/www/sittem...', 35, Array)
#2 /var/www/sittemp/lib/Cake/Core/App.php(926): call_user_func('ErrorHandler::h...', 1, 'Call to a membe...', '/var/www/sittem...', 35, Array)
#3 /var/www/sittemp/lib/Cake/Core/App.php(899): App::_checkFatalError()
#4 [internal function]: App::shutdown()
#5 {main}
2012-10-29 21:30:54 Error: Fatal Error (1): Class 'RepasaConstants' not found in [/var/www/sittemp/app/Controller/AppController.php, line 76]
2012-10-29 21:30:54 Error: [FatalErrorException] Class 'RepasaConstants' not found
#0 /var/www/sittemp/lib/Cake/Error/ErrorHandler.php(162): ErrorHandler::handleFatalError(1, 'Class 'RepasaCo...', '/var/www/sittem...', 76)
#1 [internal function]: ErrorHandler::handleError(1, 'Class 'RepasaCo...', '/var/www/sittem...', 76, Array)
#2 /var/www/sittemp/lib/Cake/Core/App.php(926): call_user_func('ErrorHandler::h...', 1, 'Class 'RepasaCo...', '/var/www/sittem...', 76, Array)
#3 /var/www/sittemp/lib/Cake/Core/App.php(899): App::_checkFatalError()
#4 [internal function]: App::shutdown()
#5 {main}
2012-10-29 21:31:50 Error: Fatal Error (1): Class 'RepasaConstants' not found in [/var/www/sittemp/app/Controller/AppController.php, line 76]
2012-10-29 21:31:50 Error: [FatalErrorException] Class 'RepasaConstants' not found
#0 /var/www/sittemp/lib/Cake/Error/ErrorHandler.php(162): ErrorHandler::handleFatalError(1, 'Class 'RepasaCo...', '/var/www/sittem...', 76)
#1 [internal function]: ErrorHandler::handleError(1, 'Class 'RepasaCo...', '/var/www/sittem...', 76, Array)
#2 /var/www/sittemp/lib/Cake/Core/App.php(926): call_user_func('ErrorHandler::h...', 1, 'Class 'RepasaCo...', '/var/www/sittem...', 76, Array)
#3 /var/www/sittemp/lib/Cake/Core/App.php(899): App::_checkFatalError()
#4 [internal function]: App::shutdown()
#5 {main}
2012-10-29 21:32:10 Error: Fatal Error (1): Class 'RepasaConstants' not found in [/var/www/sittemp/app/Controller/AppController.php, line 76]
2012-10-29 21:32:10 Error: [FatalErrorException] Class 'RepasaConstants' not found
#0 /var/www/sittemp/lib/Cake/Error/ErrorHandler.php(162): ErrorHandler::handleFatalError(1, 'Class 'RepasaCo...', '/var/www/sittem...', 76)
#1 [internal function]: ErrorHandler::handleError(1, 'Class 'RepasaCo...', '/var/www/sittem...', 76, Array)
#2 /var/www/sittemp/lib/Cake/Core/App.php(926): call_user_func('ErrorHandler::h...', 1, 'Class 'RepasaCo...', '/var/www/sittem...', 76, Array)
#3 /var/www/sittemp/lib/Cake/Core/App.php(899): App::_checkFatalError()
#4 [internal function]: App::shutdown()
#5 {main}
2012-10-29 21:32:11 Error: Fatal Error (1): Class 'RepasaConstants' not found in [/var/www/sittemp/app/Controller/AppController.php, line 76]
2012-10-29 21:32:11 Error: [FatalErrorException] Class 'RepasaConstants' not found
#0 /var/www/sittemp/lib/Cake/Error/ErrorHandler.php(162): ErrorHandler::handleFatalError(1, 'Class 'RepasaCo...', '/var/www/sittem...', 76)
#1 [internal function]: ErrorHandler::handleError(1, 'Class 'RepasaCo...', '/var/www/sittem...', 76, Array)
#2 /var/www/sittemp/lib/Cake/Core/App.php(926): call_user_func('ErrorHandler::h...', 1, 'Class 'RepasaCo...', '/var/www/sittem...', 76, Array)
#3 /var/www/sittemp/lib/Cake/Core/App.php(899): App::_checkFatalError()
#4 [internal function]: App::shutdown()
#5 {main}
2012-10-29 21:32:11 Error: Fatal Error (1): Class 'RepasaConstants' not found in [/var/www/sittemp/app/Controller/AppController.php, line 76]
2012-10-29 21:32:11 Error: [FatalErrorException] Class 'RepasaConstants' not found
#0 /var/www/sittemp/lib/Cake/Error/ErrorHandler.php(162): ErrorHandler::handleFatalError(1, 'Class 'RepasaCo...', '/var/www/sittem...', 76)
#1 [internal function]: ErrorHandler::handleError(1, 'Class 'RepasaCo...', '/var/www/sittem...', 76, Array)
#2 /var/www/sittemp/lib/Cake/Core/App.php(926): call_user_func('ErrorHandler::h...', 1, 'Class 'RepasaCo...', '/var/www/sittem...', 76, Array)
#3 /var/www/sittemp/lib/Cake/Core/App.php(899): App::_checkFatalError()
#4 [internal function]: App::shutdown()
#5 {main}
2012-10-29 21:32:12 Error: Fatal Error (1): Class 'RepasaConstants' not found in [/var/www/sittemp/app/Controller/AppController.php, line 76]
2012-10-29 21:32:12 Error: [FatalErrorException] Class 'RepasaConstants' not found
#0 /var/www/sittemp/lib/Cake/Error/ErrorHandler.php(162): ErrorHandler::handleFatalError(1, 'Class 'RepasaCo...', '/var/www/sittem...', 76)
#1 [internal function]: ErrorHandler::handleError(1, 'Class 'RepasaCo...', '/var/www/sittem...', 76, Array)
#2 /var/www/sittemp/lib/Cake/Core/App.php(926): call_user_func('ErrorHandler::h...', 1, 'Class 'RepasaCo...', '/var/www/sittem...', 76, Array)
#3 /var/www/sittemp/lib/Cake/Core/App.php(899): App::_checkFatalError()
#4 [internal function]: App::shutdown()
#5 {main}
2012-10-29 21:32:12 Error: Fatal Error (1): Class 'RepasaConstants' not found in [/var/www/sittemp/app/Controller/AppController.php, line 76]
2012-10-29 21:32:12 Error: [FatalErrorException] Class 'RepasaConstants' not found
#0 /var/www/sittemp/lib/Cake/Error/ErrorHandler.php(162): ErrorHandler::handleFatalError(1, 'Class 'RepasaCo...', '/var/www/sittem...', 76)
#1 [internal function]: ErrorHandler::handleError(1, 'Class 'RepasaCo...', '/var/www/sittem...', 76, Array)
#2 /var/www/sittemp/lib/Cake/Core/App.php(926): call_user_func('ErrorHandler::h...', 1, 'Class 'RepasaCo...', '/var/www/sittem...', 76, Array)
#3 /var/www/sittemp/lib/Cake/Core/App.php(899): App::_checkFatalError()
#4 [internal function]: App::shutdown()
#5 {main}
2012-10-29 21:32:27 Error: Fatal Error (1): Class 'RepasaConstants' not found in [/var/www/sittemp/app/Controller/AppController.php, line 76]
2012-10-29 21:32:27 Error: [FatalErrorException] Class 'RepasaConstants' not found
#0 /var/www/sittemp/lib/Cake/Error/ErrorHandler.php(162): ErrorHandler::handleFatalError(1, 'Class 'RepasaCo...', '/var/www/sittem...', 76)
#1 [internal function]: ErrorHandler::handleError(1, 'Class 'RepasaCo...', '/var/www/sittem...', 76, Array)
#2 /var/www/sittemp/lib/Cake/Core/App.php(926): call_user_func('ErrorHandler::h...', 1, 'Class 'RepasaCo...', '/var/www/sittem...', 76, Array)
#3 /var/www/sittemp/lib/Cake/Core/App.php(899): App::_checkFatalError()
#4 [internal function]: App::shutdown()
#5 {main}
2012-10-29 21:32:36 Error: Fatal Error (1): Class 'RepasaConstants' not found in [/var/www/sittemp/app/Controller/AppController.php, line 76]
2012-10-29 21:32:36 Error: [FatalErrorException] Class 'RepasaConstants' not found
#0 /var/www/sittemp/lib/Cake/Error/ErrorHandler.php(162): ErrorHandler::handleFatalError(1, 'Class 'RepasaCo...', '/var/www/sittem...', 76)
#1 [internal function]: ErrorHandler::handleError(1, 'Class 'RepasaCo...', '/var/www/sittem...', 76, Array)
#2 /var/www/sittemp/lib/Cake/Core/App.php(926): call_user_func('ErrorHandler::h...', 1, 'Class 'RepasaCo...', '/var/www/sittem...', 76, Array)
#3 /var/www/sittemp/lib/Cake/Core/App.php(899): App::_checkFatalError()
#4 [internal function]: App::shutdown()
#5 {main}
2012-10-29 21:33:24 Error: Fatal Error (1): Class 'RepasaConstants' not found in [/var/www/sittemp/app/Controller/AppController.php, line 76]
2012-10-29 21:33:24 Error: [FatalErrorException] Class 'RepasaConstants' not found
#0 /var/www/sittemp/lib/Cake/Error/ErrorHandler.php(162): ErrorHandler::handleFatalError(1, 'Class 'RepasaCo...', '/var/www/sittem...', 76)
#1 [internal function]: ErrorHandler::handleError(1, 'Class 'RepasaCo...', '/var/www/sittem...', 76, Array)
#2 /var/www/sittemp/lib/Cake/Core/App.php(926): call_user_func('ErrorHandler::h...', 1, 'Class 'RepasaCo...', '/var/www/sittem...', 76, Array)
#3 /var/www/sittemp/lib/Cake/Core/App.php(899): App::_checkFatalError()
#4 [internal function]: App::shutdown()
#5 {main}
2012-10-29 21:33:45 Error: Fatal Error (1): Class 'RepasaConstants' not found in [/var/www/sittemp/app/Controller/AppController.php, line 76]
2012-10-29 21:33:45 Error: [FatalErrorException] Class 'RepasaConstants' not found
#0 /var/www/sittemp/lib/Cake/Error/ErrorHandler.php(162): ErrorHandler::handleFatalError(1, 'Class 'RepasaCo...', '/var/www/sittem...', 76)
#1 [internal function]: ErrorHandler::handleError(1, 'Class 'RepasaCo...', '/var/www/sittem...', 76, Array)
#2 /var/www/sittemp/lib/Cake/Core/App.php(926): call_user_func('ErrorHandler::h...', 1, 'Class 'RepasaCo...', '/var/www/sittem...', 76, Array)
#3 /var/www/sittemp/lib/Cake/Core/App.php(899): App::_checkFatalError()
#4 [internal function]: App::shutdown()
#5 {main}
2012-10-29 21:33:47 Error: Fatal Error (1): Class 'RepasaConstants' not found in [/var/www/sittemp/app/Controller/AppController.php, line 76]
2012-10-29 21:33:47 Error: [FatalErrorException] Class 'RepasaConstants' not found
#0 /var/www/sittemp/lib/Cake/Error/ErrorHandler.php(162): ErrorHandler::handleFatalError(1, 'Class 'RepasaCo...', '/var/www/sittem...', 76)
#1 [internal function]: ErrorHandler::handleError(1, 'Class 'RepasaCo...', '/var/www/sittem...', 76, Array)
#2 /var/www/sittemp/lib/Cake/Core/App.php(926): call_user_func('ErrorHandler::h...', 1, 'Class 'RepasaCo...', '/var/www/sittem...', 76, Array)
#3 /var/www/sittemp/lib/Cake/Core/App.php(899): App::_checkFatalError()
#4 [internal function]: App::shutdown()
#5 {main}
2012-10-29 21:33:47 Error: Fatal Error (1): Class 'RepasaConstants' not found in [/var/www/sittemp/app/Controller/AppController.php, line 76]
2012-10-29 21:33:47 Error: [FatalErrorException] Class 'RepasaConstants' not found
#0 /var/www/sittemp/lib/Cake/Error/ErrorHandler.php(162): ErrorHandler::handleFatalError(1, 'Class 'RepasaCo...', '/var/www/sittem...', 76)
#1 [internal function]: ErrorHandler::handleError(1, 'Class 'RepasaCo...', '/var/www/sittem...', 76, Array)
#2 /var/www/sittemp/lib/Cake/Core/App.php(926): call_user_func('ErrorHandler::h...', 1, 'Class 'RepasaCo...', '/var/www/sittem...', 76, Array)
#3 /var/www/sittemp/lib/Cake/Core/App.php(899): App::_checkFatalError()
#4 [internal function]: App::shutdown()
#5 {main}
2012-10-29 21:34:05 Error: Fatal Error (1): Class 'RepasaConstants' not found in [/var/www/sittemp/app/Controller/AppController.php, line 76]
2012-10-29 21:34:05 Error: [FatalErrorException] Class 'RepasaConstants' not found
#0 /var/www/sittemp/lib/Cake/Error/ErrorHandler.php(162): ErrorHandler::handleFatalError(1, 'Class 'RepasaCo...', '/var/www/sittem...', 76)
#1 [internal function]: ErrorHandler::handleError(1, 'Class 'RepasaCo...', '/var/www/sittem...', 76, Array)
#2 /var/www/sittemp/lib/Cake/Core/App.php(926): call_user_func('ErrorHandler::h...', 1, 'Class 'RepasaCo...', '/var/www/sittem...', 76, Array)
#3 /var/www/sittemp/lib/Cake/Core/App.php(899): App::_checkFatalError()
#4 [internal function]: App::shutdown()
#5 {main}
2012-10-29 21:34:07 Error: Fatal Error (1): Class 'RepasaConstants' not found in [/var/www/sittemp/app/Controller/AppController.php, line 76]
2012-10-29 21:34:07 Error: [FatalErrorException] Class 'RepasaConstants' not found
#0 /var/www/sittemp/lib/Cake/Error/ErrorHandler.php(162): ErrorHandler::handleFatalError(1, 'Class 'RepasaCo...', '/var/www/sittem...', 76)
#1 [internal function]: ErrorHandler::handleError(1, 'Class 'RepasaCo...', '/var/www/sittem...', 76, Array)
#2 /var/www/sittemp/lib/Cake/Core/App.php(926): call_user_func('ErrorHandler::h...', 1, 'Class 'RepasaCo...', '/var/www/sittem...', 76, Array)
#3 /var/www/sittemp/lib/Cake/Core/App.php(899): App::_checkFatalError()
#4 [internal function]: App::shutdown()
#5 {main}
2012-10-29 21:34:43 Error: Fatal Error (1): Class 'RepasaConstants' not found in [/var/www/sittemp/app/Controller/AppController.php, line 76]
2012-10-29 21:34:43 Error: [FatalErrorException] Class 'RepasaConstants' not found
#0 /var/www/sittemp/lib/Cake/Error/ErrorHandler.php(162): ErrorHandler::handleFatalError(1, 'Class 'RepasaCo...', '/var/www/sittem...', 76)
#1 [internal function]: ErrorHandler::handleError(1, 'Class 'RepasaCo...', '/var/www/sittem...', 76, Array)
#2 /var/www/sittemp/lib/Cake/Core/App.php(926): call_user_func('ErrorHandler::h...', 1, 'Class 'RepasaCo...', '/var/www/sittem...', 76, Array)
#3 /var/www/sittemp/lib/Cake/Core/App.php(899): App::_checkFatalError()
#4 [internal function]: App::shutdown()
#5 {main}
2012-10-29 21:34:44 Error: Fatal Error (1): Class 'RepasaConstants' not found in [/var/www/sittemp/app/Controller/AppController.php, line 76]
2012-10-29 21:34:44 Error: [FatalErrorException] Class 'RepasaConstants' not found
#0 /var/www/sittemp/lib/Cake/Error/ErrorHandler.php(162): ErrorHandler::handleFatalError(1, 'Class 'RepasaCo...', '/var/www/sittem...', 76)
#1 [internal function]: ErrorHandler::handleError(1, 'Class 'RepasaCo...', '/var/www/sittem...', 76, Array)
#2 /var/www/sittemp/lib/Cake/Core/App.php(926): call_user_func('ErrorHandler::h...', 1, 'Class 'RepasaCo...', '/var/www/sittem...', 76, Array)
#3 /var/www/sittemp/lib/Cake/Core/App.php(899): App::_checkFatalError()
#4 [internal function]: App::shutdown()
#5 {main}
2012-10-29 21:34:44 Error: Fatal Error (1): Class 'RepasaConstants' not found in [/var/www/sittemp/app/Controller/AppController.php, line 76]
2012-10-29 21:34:44 Error: [FatalErrorException] Class 'RepasaConstants' not found
#0 /var/www/sittemp/lib/Cake/Error/ErrorHandler.php(162): ErrorHandler::handleFatalError(1, 'Class 'RepasaCo...', '/var/www/sittem...', 76)
#1 [internal function]: ErrorHandler::handleError(1, 'Class 'RepasaCo...', '/var/www/sittem...', 76, Array)
#2 /var/www/sittemp/lib/Cake/Core/App.php(926): call_user_func('ErrorHandler::h...', 1, 'Class 'RepasaCo...', '/var/www/sittem...', 76, Array)
#3 /var/www/sittemp/lib/Cake/Core/App.php(899): App::_checkFatalError()
#4 [internal function]: App::shutdown()
#5 {main}
2012-10-29 21:34:44 Error: Fatal Error (1): Class 'RepasaConstants' not found in [/var/www/sittemp/app/Controller/AppController.php, line 76]
2012-10-29 21:34:44 Error: [FatalErrorException] Class 'RepasaConstants' not found
#0 /var/www/sittemp/lib/Cake/Error/ErrorHandler.php(162): ErrorHandler::handleFatalError(1, 'Class 'RepasaCo...', '/var/www/sittem...', 76)
#1 [internal function]: ErrorHandler::handleError(1, 'Class 'RepasaCo...', '/var/www/sittem...', 76, Array)
#2 /var/www/sittemp/lib/Cake/Core/App.php(926): call_user_func('ErrorHandler::h...', 1, 'Class 'RepasaCo...', '/var/www/sittem...', 76, Array)
#3 /var/www/sittemp/lib/Cake/Core/App.php(899): App::_checkFatalError()
#4 [internal function]: App::shutdown()
#5 {main}
2012-10-29 21:34:44 Error: Fatal Error (1): Class 'RepasaConstants' not found in [/var/www/sittemp/app/Controller/AppController.php, line 76]
2012-10-29 21:34:44 Error: [FatalErrorException] Class 'RepasaConstants' not found
#0 /var/www/sittemp/lib/Cake/Error/ErrorHandler.php(162): ErrorHandler::handleFatalError(1, 'Class 'RepasaCo...', '/var/www/sittem...', 76)
#1 [internal function]: ErrorHandler::handleError(1, 'Class 'RepasaCo...', '/var/www/sittem...', 76, Array)
#2 /var/www/sittemp/lib/Cake/Core/App.php(926): call_user_func('ErrorHandler::h...', 1, 'Class 'RepasaCo...', '/var/www/sittem...', 76, Array)
#3 /var/www/sittemp/lib/Cake/Core/App.php(899): App::_checkFatalError()
#4 [internal function]: App::shutdown()
#5 {main}
2012-10-29 21:35:50 Error: Fatal Error (1): Class 'Security' not found in [/var/www/sittemp/app/Controller/AppController.php, line 134]
2012-10-29 21:35:50 Error: [FatalErrorException] Class 'Security' not found
#0 /var/www/sittemp/lib/Cake/Error/ErrorHandler.php(162): ErrorHandler::handleFatalError(1, 'Class 'Security...', '/var/www/sittem...', 134)
#1 [internal function]: ErrorHandler::handleError(1, 'Class 'Security...', '/var/www/sittem...', 134, Array)
#2 /var/www/sittemp/lib/Cake/Core/App.php(926): call_user_func('ErrorHandler::h...', 1, 'Class 'Security...', '/var/www/sittem...', 134, Array)
#3 /var/www/sittemp/lib/Cake/Core/App.php(899): App::_checkFatalError()
#4 [internal function]: App::shutdown()
#5 {main}
